[2023-10-07T16:54:15.059+0000] {warnings.py:109} WARNING - /home/airflow/.local/lib/python3.8/site-packages/airflow/utils/sqlalchemy.py:124: DeprecationWarning: The sql_alchemy_conn option in [core] has been moved to the sql_alchemy_conn option in [database] - the old setting has been used, but please update your config.
  return not conf.get("database", "sql_alchemy_conn").startswith("mssql")

[2023-10-07T16:54:15.089+0000] {taskinstance.py:1159} INFO - Dependencies all met for dep_context=non-requeueable deps ti=<TaskInstance: ETL.crawl_data scheduled__2023-10-07T16:00:00+00:00 [queued]>
[2023-10-07T16:54:15.094+0000] {taskinstance.py:1159} INFO - Dependencies all met for dep_context=requeueable deps ti=<TaskInstance: ETL.crawl_data scheduled__2023-10-07T16:00:00+00:00 [queued]>
[2023-10-07T16:54:15.094+0000] {taskinstance.py:1361} INFO - Starting attempt 1 of 1
[2023-10-07T16:54:15.101+0000] {taskinstance.py:1382} INFO - Executing <Task(PythonOperator): crawl_data> on 2023-10-07 16:00:00+00:00
[2023-10-07T16:54:15.105+0000] {standard_task_runner.py:57} INFO - Started process 750 to run task
[2023-10-07T16:54:15.107+0000] {standard_task_runner.py:84} INFO - Running: ['airflow', 'tasks', 'run', 'ETL', 'crawl_data', 'scheduled__2023-10-07T16:00:00+00:00', '--job-id', '251', '--raw', '--subdir', 'DAGS_FOLDER/pipeline.py', '--cfg-path', '/tmp/tmp23q4zsd2']
[2023-10-07T16:54:15.107+0000] {standard_task_runner.py:85} INFO - Job 251: Subtask crawl_data
[2023-10-07T16:54:15.116+0000] {warnings.py:109} WARNING - /home/airflow/.local/lib/python3.8/site-packages/airflow/settings.py:195: DeprecationWarning: The sql_alchemy_conn option in [core] has been moved to the sql_alchemy_conn option in [database] - the old setting has been used, but please update your config.
  SQL_ALCHEMY_CONN = conf.get("database", "SQL_ALCHEMY_CONN")

[2023-10-07T16:54:15.136+0000] {task_command.py:415} INFO - Running <TaskInstance: ETL.crawl_data scheduled__2023-10-07T16:00:00+00:00 [running]> on host 16e40c1fcc3f
[2023-10-07T16:54:15.143+0000] {warnings.py:109} WARNING - /home/airflow/.local/lib/python3.8/site-packages/airflow/utils/sqlalchemy.py:124: DeprecationWarning: The sql_alchemy_conn option in [core] has been moved to the sql_alchemy_conn option in [database] - the old setting has been used, but please update your config.
  return not conf.get("database", "sql_alchemy_conn").startswith("mssql")

[2023-10-07T16:54:15.195+0000] {taskinstance.py:1660} INFO - Exporting env vars: AIRFLOW_CTX_DAG_OWNER='airflow' AIRFLOW_CTX_DAG_ID='ETL' AIRFLOW_CTX_TASK_ID='crawl_data' AIRFLOW_CTX_EXECUTION_DATE='2023-10-07T16:00:00+00:00' AIRFLOW_CTX_TRY_NUMBER='1' AIRFLOW_CTX_DAG_RUN_ID='scheduled__2023-10-07T16:00:00+00:00'
[2023-10-07T16:54:15.201+0000] {base.py:73} INFO - Using connection ID 'Booking' for task execution.
[2023-10-07T16:54:15.256+0000] {logging_mixin.py:151} INFO - checkin, checkout, weekday 2023-10-17 2023-10-18 Tuesday
[2023-10-07T16:54:15.257+0000] {logging_mixin.py:151} INFO - link https://www.booking.com/searchresults.vi.html?ss=TP.+H%C3%B4%CC%80+Chi%CC%81+Minh%2C+Vi%C3%AA%CC%A3t+Nam&efdco=1&label=gen173nr-1BCAEoggI46AdIM1gEaPQBiAEBmAEquAEXyAEM2AEB6AEBiAIBqAIDuAL1lMaoBsACAdICJGM1MWM1ODQyLWYzMmMtNGExMi1iMWFmLWM4YzliMDE0MzJlMNgCBeACAQ&sid=a3cf4761bc87283185953cebac7c42a2&aid=304142&lang=vi&sb=1&src_elem=sb&src=index&dest_id=-3730078&dest_type=city&checkin=2023-10-17&checkout=2023-10-18&group_adults=2&no_rooms=1&group_children=0&sb_travel_purpose=leisure&selected_currency=VND&offset={}
[2023-10-07T16:54:18.296+0000] {logging_mixin.py:151} INFO - link https://www.booking.com/searchresults.vi.html?ss=TP.+H%C3%B4%CC%80+Chi%CC%81+Minh%2C+Vi%C3%AA%CC%A3t+Nam&efdco=1&label=gen173nr-1BCAEoggI46AdIM1gEaPQBiAEBmAEquAEXyAEM2AEB6AEBiAIBqAIDuAL1lMaoBsACAdICJGM1MWM1ODQyLWYzMmMtNGExMi1iMWFmLWM4YzliMDE0MzJlMNgCBeACAQ&sid=a3cf4761bc87283185953cebac7c42a2&aid=304142&lang=vi&sb=1&src_elem=sb&src=index&dest_id=-3730078&dest_type=city&checkin=2023-10-17&checkout=2023-10-18&group_adults=2&no_rooms=1&group_children=0&sb_travel_purpose=leisure&selected_currency=VND&offset={}
[2023-10-07T16:54:21.145+0000] {logging_mixin.py:151} INFO - link https://www.booking.com/searchresults.vi.html?ss=TP.+H%C3%B4%CC%80+Chi%CC%81+Minh%2C+Vi%C3%AA%CC%A3t+Nam&efdco=1&label=gen173nr-1BCAEoggI46AdIM1gEaPQBiAEBmAEquAEXyAEM2AEB6AEBiAIBqAIDuAL1lMaoBsACAdICJGM1MWM1ODQyLWYzMmMtNGExMi1iMWFmLWM4YzliMDE0MzJlMNgCBeACAQ&sid=a3cf4761bc87283185953cebac7c42a2&aid=304142&lang=vi&sb=1&src_elem=sb&src=index&dest_id=-3730078&dest_type=city&checkin=2023-10-17&checkout=2023-10-18&group_adults=2&no_rooms=1&group_children=0&sb_travel_purpose=leisure&selected_currency=VND&offset={}
[2023-10-07T16:54:23.691+0000] {logging_mixin.py:151} INFO - link https://www.booking.com/searchresults.vi.html?ss=TP.+H%C3%B4%CC%80+Chi%CC%81+Minh%2C+Vi%C3%AA%CC%A3t+Nam&efdco=1&label=gen173nr-1BCAEoggI46AdIM1gEaPQBiAEBmAEquAEXyAEM2AEB6AEBiAIBqAIDuAL1lMaoBsACAdICJGM1MWM1ODQyLWYzMmMtNGExMi1iMWFmLWM4YzliMDE0MzJlMNgCBeACAQ&sid=a3cf4761bc87283185953cebac7c42a2&aid=304142&lang=vi&sb=1&src_elem=sb&src=index&dest_id=-3730078&dest_type=city&checkin=2023-10-17&checkout=2023-10-18&group_adults=2&no_rooms=1&group_children=0&sb_travel_purpose=leisure&selected_currency=VND&offset={}
[2023-10-07T16:54:25.991+0000] {logging_mixin.py:151} INFO - link https://www.booking.com/searchresults.vi.html?ss=TP.+H%C3%B4%CC%80+Chi%CC%81+Minh%2C+Vi%C3%AA%CC%A3t+Nam&efdco=1&label=gen173nr-1BCAEoggI46AdIM1gEaPQBiAEBmAEquAEXyAEM2AEB6AEBiAIBqAIDuAL1lMaoBsACAdICJGM1MWM1ODQyLWYzMmMtNGExMi1iMWFmLWM4YzliMDE0MzJlMNgCBeACAQ&sid=a3cf4761bc87283185953cebac7c42a2&aid=304142&lang=vi&sb=1&src_elem=sb&src=index&dest_id=-3730078&dest_type=city&checkin=2023-10-17&checkout=2023-10-18&group_adults=2&no_rooms=1&group_children=0&sb_travel_purpose=leisure&selected_currency=VND&offset={}
[2023-10-07T16:54:28.306+0000] {logging_mixin.py:151} INFO - link https://www.booking.com/searchresults.vi.html?ss=TP.+H%C3%B4%CC%80+Chi%CC%81+Minh%2C+Vi%C3%AA%CC%A3t+Nam&efdco=1&label=gen173nr-1BCAEoggI46AdIM1gEaPQBiAEBmAEquAEXyAEM2AEB6AEBiAIBqAIDuAL1lMaoBsACAdICJGM1MWM1ODQyLWYzMmMtNGExMi1iMWFmLWM4YzliMDE0MzJlMNgCBeACAQ&sid=a3cf4761bc87283185953cebac7c42a2&aid=304142&lang=vi&sb=1&src_elem=sb&src=index&dest_id=-3730078&dest_type=city&checkin=2023-10-17&checkout=2023-10-18&group_adults=2&no_rooms=1&group_children=0&sb_travel_purpose=leisure&selected_currency=VND&offset={}
[2023-10-07T16:54:30.925+0000] {logging_mixin.py:151} INFO - link https://www.booking.com/searchresults.vi.html?ss=TP.+H%C3%B4%CC%80+Chi%CC%81+Minh%2C+Vi%C3%AA%CC%A3t+Nam&efdco=1&label=gen173nr-1BCAEoggI46AdIM1gEaPQBiAEBmAEquAEXyAEM2AEB6AEBiAIBqAIDuAL1lMaoBsACAdICJGM1MWM1ODQyLWYzMmMtNGExMi1iMWFmLWM4YzliMDE0MzJlMNgCBeACAQ&sid=a3cf4761bc87283185953cebac7c42a2&aid=304142&lang=vi&sb=1&src_elem=sb&src=index&dest_id=-3730078&dest_type=city&checkin=2023-10-17&checkout=2023-10-18&group_adults=2&no_rooms=1&group_children=0&sb_travel_purpose=leisure&selected_currency=VND&offset={}
[2023-10-07T16:54:33.604+0000] {logging_mixin.py:151} INFO - link https://www.booking.com/searchresults.vi.html?ss=TP.+H%C3%B4%CC%80+Chi%CC%81+Minh%2C+Vi%C3%AA%CC%A3t+Nam&efdco=1&label=gen173nr-1BCAEoggI46AdIM1gEaPQBiAEBmAEquAEXyAEM2AEB6AEBiAIBqAIDuAL1lMaoBsACAdICJGM1MWM1ODQyLWYzMmMtNGExMi1iMWFmLWM4YzliMDE0MzJlMNgCBeACAQ&sid=a3cf4761bc87283185953cebac7c42a2&aid=304142&lang=vi&sb=1&src_elem=sb&src=index&dest_id=-3730078&dest_type=city&checkin=2023-10-17&checkout=2023-10-18&group_adults=2&no_rooms=1&group_children=0&sb_travel_purpose=leisure&selected_currency=VND&offset={}
[2023-10-07T16:54:36.743+0000] {logging_mixin.py:151} INFO - link https://www.booking.com/searchresults.vi.html?ss=TP.+H%C3%B4%CC%80+Chi%CC%81+Minh%2C+Vi%C3%AA%CC%A3t+Nam&efdco=1&label=gen173nr-1BCAEoggI46AdIM1gEaPQBiAEBmAEquAEXyAEM2AEB6AEBiAIBqAIDuAL1lMaoBsACAdICJGM1MWM1ODQyLWYzMmMtNGExMi1iMWFmLWM4YzliMDE0MzJlMNgCBeACAQ&sid=a3cf4761bc87283185953cebac7c42a2&aid=304142&lang=vi&sb=1&src_elem=sb&src=index&dest_id=-3730078&dest_type=city&checkin=2023-10-17&checkout=2023-10-18&group_adults=2&no_rooms=1&group_children=0&sb_travel_purpose=leisure&selected_currency=VND&offset={}
[2023-10-07T17:11:34.708+0000] {logging_mixin.py:151} INFO - link https://www.booking.com/searchresults.vi.html?ss=TP.+H%C3%B4%CC%80+Chi%CC%81+Minh%2C+Vi%C3%AA%CC%A3t+Nam&efdco=1&label=gen173nr-1BCAEoggI46AdIM1gEaPQBiAEBmAEquAEXyAEM2AEB6AEBiAIBqAIDuAL1lMaoBsACAdICJGM1MWM1ODQyLWYzMmMtNGExMi1iMWFmLWM4YzliMDE0MzJlMNgCBeACAQ&sid=a3cf4761bc87283185953cebac7c42a2&aid=304142&lang=vi&sb=1&src_elem=sb&src=index&dest_id=-3730078&dest_type=city&checkin=2023-10-17&checkout=2023-10-18&group_adults=2&no_rooms=1&group_children=0&sb_travel_purpose=leisure&selected_currency=VND&offset={}
[2023-10-07T17:11:37.201+0000] {logging_mixin.py:151} INFO - link https://www.booking.com/searchresults.vi.html?ss=TP.+H%C3%B4%CC%80+Chi%CC%81+Minh%2C+Vi%C3%AA%CC%A3t+Nam&efdco=1&label=gen173nr-1BCAEoggI46AdIM1gEaPQBiAEBmAEquAEXyAEM2AEB6AEBiAIBqAIDuAL1lMaoBsACAdICJGM1MWM1ODQyLWYzMmMtNGExMi1iMWFmLWM4YzliMDE0MzJlMNgCBeACAQ&sid=a3cf4761bc87283185953cebac7c42a2&aid=304142&lang=vi&sb=1&src_elem=sb&src=index&dest_id=-3730078&dest_type=city&checkin=2023-10-17&checkout=2023-10-18&group_adults=2&no_rooms=1&group_children=0&sb_travel_purpose=leisure&selected_currency=VND&offset={}
[2023-10-07T17:11:39.347+0000] {logging_mixin.py:151} INFO - link https://www.booking.com/searchresults.vi.html?ss=TP.+H%C3%B4%CC%80+Chi%CC%81+Minh%2C+Vi%C3%AA%CC%A3t+Nam&efdco=1&label=gen173nr-1BCAEoggI46AdIM1gEaPQBiAEBmAEquAEXyAEM2AEB6AEBiAIBqAIDuAL1lMaoBsACAdICJGM1MWM1ODQyLWYzMmMtNGExMi1iMWFmLWM4YzliMDE0MzJlMNgCBeACAQ&sid=a3cf4761bc87283185953cebac7c42a2&aid=304142&lang=vi&sb=1&src_elem=sb&src=index&dest_id=-3730078&dest_type=city&checkin=2023-10-17&checkout=2023-10-18&group_adults=2&no_rooms=1&group_children=0&sb_travel_purpose=leisure&selected_currency=VND&offset={}
[2023-10-07T17:11:42.168+0000] {logging_mixin.py:151} INFO - link https://www.booking.com/searchresults.vi.html?ss=TP.+H%C3%B4%CC%80+Chi%CC%81+Minh%2C+Vi%C3%AA%CC%A3t+Nam&efdco=1&label=gen173nr-1BCAEoggI46AdIM1gEaPQBiAEBmAEquAEXyAEM2AEB6AEBiAIBqAIDuAL1lMaoBsACAdICJGM1MWM1ODQyLWYzMmMtNGExMi1iMWFmLWM4YzliMDE0MzJlMNgCBeACAQ&sid=a3cf4761bc87283185953cebac7c42a2&aid=304142&lang=vi&sb=1&src_elem=sb&src=index&dest_id=-3730078&dest_type=city&checkin=2023-10-17&checkout=2023-10-18&group_adults=2&no_rooms=1&group_children=0&sb_travel_purpose=leisure&selected_currency=VND&offset={}
[2023-10-07T17:11:44.355+0000] {logging_mixin.py:151} INFO - link https://www.booking.com/searchresults.vi.html?ss=TP.+H%C3%B4%CC%80+Chi%CC%81+Minh%2C+Vi%C3%AA%CC%A3t+Nam&efdco=1&label=gen173nr-1BCAEoggI46AdIM1gEaPQBiAEBmAEquAEXyAEM2AEB6AEBiAIBqAIDuAL1lMaoBsACAdICJGM1MWM1ODQyLWYzMmMtNGExMi1iMWFmLWM4YzliMDE0MzJlMNgCBeACAQ&sid=a3cf4761bc87283185953cebac7c42a2&aid=304142&lang=vi&sb=1&src_elem=sb&src=index&dest_id=-3730078&dest_type=city&checkin=2023-10-17&checkout=2023-10-18&group_adults=2&no_rooms=1&group_children=0&sb_travel_purpose=leisure&selected_currency=VND&offset={}
[2023-10-07T17:11:46.634+0000] {logging_mixin.py:151} INFO - link https://www.booking.com/searchresults.vi.html?ss=TP.+H%C3%B4%CC%80+Chi%CC%81+Minh%2C+Vi%C3%AA%CC%A3t+Nam&efdco=1&label=gen173nr-1BCAEoggI46AdIM1gEaPQBiAEBmAEquAEXyAEM2AEB6AEBiAIBqAIDuAL1lMaoBsACAdICJGM1MWM1ODQyLWYzMmMtNGExMi1iMWFmLWM4YzliMDE0MzJlMNgCBeACAQ&sid=a3cf4761bc87283185953cebac7c42a2&aid=304142&lang=vi&sb=1&src_elem=sb&src=index&dest_id=-3730078&dest_type=city&checkin=2023-10-17&checkout=2023-10-18&group_adults=2&no_rooms=1&group_children=0&sb_travel_purpose=leisure&selected_currency=VND&offset={}
[2023-10-07T17:11:49.036+0000] {logging_mixin.py:151} INFO - link https://www.booking.com/searchresults.vi.html?ss=TP.+H%C3%B4%CC%80+Chi%CC%81+Minh%2C+Vi%C3%AA%CC%A3t+Nam&efdco=1&label=gen173nr-1BCAEoggI46AdIM1gEaPQBiAEBmAEquAEXyAEM2AEB6AEBiAIBqAIDuAL1lMaoBsACAdICJGM1MWM1ODQyLWYzMmMtNGExMi1iMWFmLWM4YzliMDE0MzJlMNgCBeACAQ&sid=a3cf4761bc87283185953cebac7c42a2&aid=304142&lang=vi&sb=1&src_elem=sb&src=index&dest_id=-3730078&dest_type=city&checkin=2023-10-17&checkout=2023-10-18&group_adults=2&no_rooms=1&group_children=0&sb_travel_purpose=leisure&selected_currency=VND&offset={}
[2023-10-07T17:11:51.245+0000] {logging_mixin.py:151} INFO - link https://www.booking.com/searchresults.vi.html?ss=TP.+H%C3%B4%CC%80+Chi%CC%81+Minh%2C+Vi%C3%AA%CC%A3t+Nam&efdco=1&label=gen173nr-1BCAEoggI46AdIM1gEaPQBiAEBmAEquAEXyAEM2AEB6AEBiAIBqAIDuAL1lMaoBsACAdICJGM1MWM1ODQyLWYzMmMtNGExMi1iMWFmLWM4YzliMDE0MzJlMNgCBeACAQ&sid=a3cf4761bc87283185953cebac7c42a2&aid=304142&lang=vi&sb=1&src_elem=sb&src=index&dest_id=-3730078&dest_type=city&checkin=2023-10-17&checkout=2023-10-18&group_adults=2&no_rooms=1&group_children=0&sb_travel_purpose=leisure&selected_currency=VND&offset={}
[2023-10-07T17:11:53.574+0000] {logging_mixin.py:151} INFO - link https://www.booking.com/searchresults.vi.html?ss=TP.+H%C3%B4%CC%80+Chi%CC%81+Minh%2C+Vi%C3%AA%CC%A3t+Nam&efdco=1&label=gen173nr-1BCAEoggI46AdIM1gEaPQBiAEBmAEquAEXyAEM2AEB6AEBiAIBqAIDuAL1lMaoBsACAdICJGM1MWM1ODQyLWYzMmMtNGExMi1iMWFmLWM4YzliMDE0MzJlMNgCBeACAQ&sid=a3cf4761bc87283185953cebac7c42a2&aid=304142&lang=vi&sb=1&src_elem=sb&src=index&dest_id=-3730078&dest_type=city&checkin=2023-10-17&checkout=2023-10-18&group_adults=2&no_rooms=1&group_children=0&sb_travel_purpose=leisure&selected_currency=VND&offset={}
[2023-10-07T17:11:56.287+0000] {logging_mixin.py:151} INFO - link https://www.booking.com/searchresults.vi.html?ss=TP.+H%C3%B4%CC%80+Chi%CC%81+Minh%2C+Vi%C3%AA%CC%A3t+Nam&efdco=1&label=gen173nr-1BCAEoggI46AdIM1gEaPQBiAEBmAEquAEXyAEM2AEB6AEBiAIBqAIDuAL1lMaoBsACAdICJGM1MWM1ODQyLWYzMmMtNGExMi1iMWFmLWM4YzliMDE0MzJlMNgCBeACAQ&sid=a3cf4761bc87283185953cebac7c42a2&aid=304142&lang=vi&sb=1&src_elem=sb&src=index&dest_id=-3730078&dest_type=city&checkin=2023-10-17&checkout=2023-10-18&group_adults=2&no_rooms=1&group_children=0&sb_travel_purpose=leisure&selected_currency=VND&offset={}
[2023-10-07T17:11:58.368+0000] {logging_mixin.py:151} INFO - link https://www.booking.com/searchresults.vi.html?ss=TP.+H%C3%B4%CC%80+Chi%CC%81+Minh%2C+Vi%C3%AA%CC%A3t+Nam&efdco=1&label=gen173nr-1BCAEoggI46AdIM1gEaPQBiAEBmAEquAEXyAEM2AEB6AEBiAIBqAIDuAL1lMaoBsACAdICJGM1MWM1ODQyLWYzMmMtNGExMi1iMWFmLWM4YzliMDE0MzJlMNgCBeACAQ&sid=a3cf4761bc87283185953cebac7c42a2&aid=304142&lang=vi&sb=1&src_elem=sb&src=index&dest_id=-3730078&dest_type=city&checkin=2023-10-17&checkout=2023-10-18&group_adults=2&no_rooms=1&group_children=0&sb_travel_purpose=leisure&selected_currency=VND&offset={}
[2023-10-07T17:12:01.020+0000] {logging_mixin.py:151} INFO - link https://www.booking.com/searchresults.vi.html?ss=TP.+H%C3%B4%CC%80+Chi%CC%81+Minh%2C+Vi%C3%AA%CC%A3t+Nam&efdco=1&label=gen173nr-1BCAEoggI46AdIM1gEaPQBiAEBmAEquAEXyAEM2AEB6AEBiAIBqAIDuAL1lMaoBsACAdICJGM1MWM1ODQyLWYzMmMtNGExMi1iMWFmLWM4YzliMDE0MzJlMNgCBeACAQ&sid=a3cf4761bc87283185953cebac7c42a2&aid=304142&lang=vi&sb=1&src_elem=sb&src=index&dest_id=-3730078&dest_type=city&checkin=2023-10-17&checkout=2023-10-18&group_adults=2&no_rooms=1&group_children=0&sb_travel_purpose=leisure&selected_currency=VND&offset={}
[2023-10-07T17:12:03.552+0000] {logging_mixin.py:151} INFO - link https://www.booking.com/searchresults.vi.html?ss=TP.+H%C3%B4%CC%80+Chi%CC%81+Minh%2C+Vi%C3%AA%CC%A3t+Nam&efdco=1&label=gen173nr-1BCAEoggI46AdIM1gEaPQBiAEBmAEquAEXyAEM2AEB6AEBiAIBqAIDuAL1lMaoBsACAdICJGM1MWM1ODQyLWYzMmMtNGExMi1iMWFmLWM4YzliMDE0MzJlMNgCBeACAQ&sid=a3cf4761bc87283185953cebac7c42a2&aid=304142&lang=vi&sb=1&src_elem=sb&src=index&dest_id=-3730078&dest_type=city&checkin=2023-10-17&checkout=2023-10-18&group_adults=2&no_rooms=1&group_children=0&sb_travel_purpose=leisure&selected_currency=VND&offset={}
[2023-10-07T17:12:05.560+0000] {logging_mixin.py:151} INFO - link https://www.booking.com/searchresults.vi.html?ss=TP.+H%C3%B4%CC%80+Chi%CC%81+Minh%2C+Vi%C3%AA%CC%A3t+Nam&efdco=1&label=gen173nr-1BCAEoggI46AdIM1gEaPQBiAEBmAEquAEXyAEM2AEB6AEBiAIBqAIDuAL1lMaoBsACAdICJGM1MWM1ODQyLWYzMmMtNGExMi1iMWFmLWM4YzliMDE0MzJlMNgCBeACAQ&sid=a3cf4761bc87283185953cebac7c42a2&aid=304142&lang=vi&sb=1&src_elem=sb&src=index&dest_id=-3730078&dest_type=city&checkin=2023-10-17&checkout=2023-10-18&group_adults=2&no_rooms=1&group_children=0&sb_travel_purpose=leisure&selected_currency=VND&offset={}
[2023-10-07T17:12:07.656+0000] {logging_mixin.py:151} INFO - link https://www.booking.com/searchresults.vi.html?ss=TP.+H%C3%B4%CC%80+Chi%CC%81+Minh%2C+Vi%C3%AA%CC%A3t+Nam&efdco=1&label=gen173nr-1BCAEoggI46AdIM1gEaPQBiAEBmAEquAEXyAEM2AEB6AEBiAIBqAIDuAL1lMaoBsACAdICJGM1MWM1ODQyLWYzMmMtNGExMi1iMWFmLWM4YzliMDE0MzJlMNgCBeACAQ&sid=a3cf4761bc87283185953cebac7c42a2&aid=304142&lang=vi&sb=1&src_elem=sb&src=index&dest_id=-3730078&dest_type=city&checkin=2023-10-17&checkout=2023-10-18&group_adults=2&no_rooms=1&group_children=0&sb_travel_purpose=leisure&selected_currency=VND&offset={}
[2023-10-07T17:12:10.382+0000] {logging_mixin.py:151} INFO - link https://www.booking.com/searchresults.vi.html?ss=TP.+H%C3%B4%CC%80+Chi%CC%81+Minh%2C+Vi%C3%AA%CC%A3t+Nam&efdco=1&label=gen173nr-1BCAEoggI46AdIM1gEaPQBiAEBmAEquAEXyAEM2AEB6AEBiAIBqAIDuAL1lMaoBsACAdICJGM1MWM1ODQyLWYzMmMtNGExMi1iMWFmLWM4YzliMDE0MzJlMNgCBeACAQ&sid=a3cf4761bc87283185953cebac7c42a2&aid=304142&lang=vi&sb=1&src_elem=sb&src=index&dest_id=-3730078&dest_type=city&checkin=2023-10-17&checkout=2023-10-18&group_adults=2&no_rooms=1&group_children=0&sb_travel_purpose=leisure&selected_currency=VND&offset={}
[2023-10-07T17:12:12.860+0000] {logging_mixin.py:151} INFO - link https://www.booking.com/searchresults.vi.html?ss=TP.+H%C3%B4%CC%80+Chi%CC%81+Minh%2C+Vi%C3%AA%CC%A3t+Nam&efdco=1&label=gen173nr-1BCAEoggI46AdIM1gEaPQBiAEBmAEquAEXyAEM2AEB6AEBiAIBqAIDuAL1lMaoBsACAdICJGM1MWM1ODQyLWYzMmMtNGExMi1iMWFmLWM4YzliMDE0MzJlMNgCBeACAQ&sid=a3cf4761bc87283185953cebac7c42a2&aid=304142&lang=vi&sb=1&src_elem=sb&src=index&dest_id=-3730078&dest_type=city&checkin=2023-10-17&checkout=2023-10-18&group_adults=2&no_rooms=1&group_children=0&sb_travel_purpose=leisure&selected_currency=VND&offset={}
[2023-10-07T17:12:15.126+0000] {logging_mixin.py:151} INFO - link https://www.booking.com/searchresults.vi.html?ss=TP.+H%C3%B4%CC%80+Chi%CC%81+Minh%2C+Vi%C3%AA%CC%A3t+Nam&efdco=1&label=gen173nr-1BCAEoggI46AdIM1gEaPQBiAEBmAEquAEXyAEM2AEB6AEBiAIBqAIDuAL1lMaoBsACAdICJGM1MWM1ODQyLWYzMmMtNGExMi1iMWFmLWM4YzliMDE0MzJlMNgCBeACAQ&sid=a3cf4761bc87283185953cebac7c42a2&aid=304142&lang=vi&sb=1&src_elem=sb&src=index&dest_id=-3730078&dest_type=city&checkin=2023-10-17&checkout=2023-10-18&group_adults=2&no_rooms=1&group_children=0&sb_travel_purpose=leisure&selected_currency=VND&offset={}
[2023-10-07T17:12:17.866+0000] {logging_mixin.py:151} INFO - link https://www.booking.com/searchresults.vi.html?ss=TP.+H%C3%B4%CC%80+Chi%CC%81+Minh%2C+Vi%C3%AA%CC%A3t+Nam&efdco=1&label=gen173nr-1BCAEoggI46AdIM1gEaPQBiAEBmAEquAEXyAEM2AEB6AEBiAIBqAIDuAL1lMaoBsACAdICJGM1MWM1ODQyLWYzMmMtNGExMi1iMWFmLWM4YzliMDE0MzJlMNgCBeACAQ&sid=a3cf4761bc87283185953cebac7c42a2&aid=304142&lang=vi&sb=1&src_elem=sb&src=index&dest_id=-3730078&dest_type=city&checkin=2023-10-17&checkout=2023-10-18&group_adults=2&no_rooms=1&group_children=0&sb_travel_purpose=leisure&selected_currency=VND&offset={}
[2023-10-07T17:12:19.905+0000] {logging_mixin.py:151} INFO - link https://www.booking.com/searchresults.vi.html?ss=TP.+H%C3%B4%CC%80+Chi%CC%81+Minh%2C+Vi%C3%AA%CC%A3t+Nam&efdco=1&label=gen173nr-1BCAEoggI46AdIM1gEaPQBiAEBmAEquAEXyAEM2AEB6AEBiAIBqAIDuAL1lMaoBsACAdICJGM1MWM1ODQyLWYzMmMtNGExMi1iMWFmLWM4YzliMDE0MzJlMNgCBeACAQ&sid=a3cf4761bc87283185953cebac7c42a2&aid=304142&lang=vi&sb=1&src_elem=sb&src=index&dest_id=-3730078&dest_type=city&checkin=2023-10-17&checkout=2023-10-18&group_adults=2&no_rooms=1&group_children=0&sb_travel_purpose=leisure&selected_currency=VND&offset={}
[2023-10-07T17:12:22.266+0000] {logging_mixin.py:151} INFO - link https://www.booking.com/searchresults.vi.html?ss=TP.+H%C3%B4%CC%80+Chi%CC%81+Minh%2C+Vi%C3%AA%CC%A3t+Nam&efdco=1&label=gen173nr-1BCAEoggI46AdIM1gEaPQBiAEBmAEquAEXyAEM2AEB6AEBiAIBqAIDuAL1lMaoBsACAdICJGM1MWM1ODQyLWYzMmMtNGExMi1iMWFmLWM4YzliMDE0MzJlMNgCBeACAQ&sid=a3cf4761bc87283185953cebac7c42a2&aid=304142&lang=vi&sb=1&src_elem=sb&src=index&dest_id=-3730078&dest_type=city&checkin=2023-10-17&checkout=2023-10-18&group_adults=2&no_rooms=1&group_children=0&sb_travel_purpose=leisure&selected_currency=VND&offset={}
[2023-10-07T17:12:24.243+0000] {logging_mixin.py:151} INFO - link https://www.booking.com/searchresults.vi.html?ss=TP.+H%C3%B4%CC%80+Chi%CC%81+Minh%2C+Vi%C3%AA%CC%A3t+Nam&efdco=1&label=gen173nr-1BCAEoggI46AdIM1gEaPQBiAEBmAEquAEXyAEM2AEB6AEBiAIBqAIDuAL1lMaoBsACAdICJGM1MWM1ODQyLWYzMmMtNGExMi1iMWFmLWM4YzliMDE0MzJlMNgCBeACAQ&sid=a3cf4761bc87283185953cebac7c42a2&aid=304142&lang=vi&sb=1&src_elem=sb&src=index&dest_id=-3730078&dest_type=city&checkin=2023-10-17&checkout=2023-10-18&group_adults=2&no_rooms=1&group_children=0&sb_travel_purpose=leisure&selected_currency=VND&offset={}
[2023-10-07T17:12:26.485+0000] {logging_mixin.py:151} INFO - link https://www.booking.com/searchresults.vi.html?ss=TP.+H%C3%B4%CC%80+Chi%CC%81+Minh%2C+Vi%C3%AA%CC%A3t+Nam&efdco=1&label=gen173nr-1BCAEoggI46AdIM1gEaPQBiAEBmAEquAEXyAEM2AEB6AEBiAIBqAIDuAL1lMaoBsACAdICJGM1MWM1ODQyLWYzMmMtNGExMi1iMWFmLWM4YzliMDE0MzJlMNgCBeACAQ&sid=a3cf4761bc87283185953cebac7c42a2&aid=304142&lang=vi&sb=1&src_elem=sb&src=index&dest_id=-3730078&dest_type=city&checkin=2023-10-17&checkout=2023-10-18&group_adults=2&no_rooms=1&group_children=0&sb_travel_purpose=leisure&selected_currency=VND&offset={}
[2023-10-07T17:12:29.516+0000] {logging_mixin.py:151} INFO - link https://www.booking.com/searchresults.vi.html?ss=TP.+H%C3%B4%CC%80+Chi%CC%81+Minh%2C+Vi%C3%AA%CC%A3t+Nam&efdco=1&label=gen173nr-1BCAEoggI46AdIM1gEaPQBiAEBmAEquAEXyAEM2AEB6AEBiAIBqAIDuAL1lMaoBsACAdICJGM1MWM1ODQyLWYzMmMtNGExMi1iMWFmLWM4YzliMDE0MzJlMNgCBeACAQ&sid=a3cf4761bc87283185953cebac7c42a2&aid=304142&lang=vi&sb=1&src_elem=sb&src=index&dest_id=-3730078&dest_type=city&checkin=2023-10-17&checkout=2023-10-18&group_adults=2&no_rooms=1&group_children=0&sb_travel_purpose=leisure&selected_currency=VND&offset={}
[2023-10-07T17:12:31.920+0000] {logging_mixin.py:151} INFO - link https://www.booking.com/searchresults.vi.html?ss=TP.+H%C3%B4%CC%80+Chi%CC%81+Minh%2C+Vi%C3%AA%CC%A3t+Nam&efdco=1&label=gen173nr-1BCAEoggI46AdIM1gEaPQBiAEBmAEquAEXyAEM2AEB6AEBiAIBqAIDuAL1lMaoBsACAdICJGM1MWM1ODQyLWYzMmMtNGExMi1iMWFmLWM4YzliMDE0MzJlMNgCBeACAQ&sid=a3cf4761bc87283185953cebac7c42a2&aid=304142&lang=vi&sb=1&src_elem=sb&src=index&dest_id=-3730078&dest_type=city&checkin=2023-10-17&checkout=2023-10-18&group_adults=2&no_rooms=1&group_children=0&sb_travel_purpose=leisure&selected_currency=VND&offset={}
[2023-10-07T17:12:34.581+0000] {logging_mixin.py:151} INFO - link https://www.booking.com/searchresults.vi.html?ss=TP.+H%C3%B4%CC%80+Chi%CC%81+Minh%2C+Vi%C3%AA%CC%A3t+Nam&efdco=1&label=gen173nr-1BCAEoggI46AdIM1gEaPQBiAEBmAEquAEXyAEM2AEB6AEBiAIBqAIDuAL1lMaoBsACAdICJGM1MWM1ODQyLWYzMmMtNGExMi1iMWFmLWM4YzliMDE0MzJlMNgCBeACAQ&sid=a3cf4761bc87283185953cebac7c42a2&aid=304142&lang=vi&sb=1&src_elem=sb&src=index&dest_id=-3730078&dest_type=city&checkin=2023-10-17&checkout=2023-10-18&group_adults=2&no_rooms=1&group_children=0&sb_travel_purpose=leisure&selected_currency=VND&offset={}
[2023-10-07T17:18:33.680+0000] {taskinstance.py:1943} ERROR - Task failed with exception
Traceback (most recent call last):
  File "/home/airflow/.local/lib/python3.8/site-packages/urllib3/response.py", line 761, in _update_chunk_length
    self.chunk_left = int(line, 16)
ValueError: invalid literal for int() with base 16: b''

During handling of the above exception, another exception occurred:

Traceback (most recent call last):
  File "/home/airflow/.local/lib/python3.8/site-packages/urllib3/response.py", line 444, in _error_catcher
    yield
  File "/home/airflow/.local/lib/python3.8/site-packages/urllib3/response.py", line 828, in read_chunked
    self._update_chunk_length()
  File "/home/airflow/.local/lib/python3.8/site-packages/urllib3/response.py", line 765, in _update_chunk_length
    raise InvalidChunkLength(self, line)
urllib3.exceptions.InvalidChunkLength: InvalidChunkLength(got length b'', 0 bytes read)

During handling of the above exception, another exception occurred:

Traceback (most recent call last):
  File "/home/airflow/.local/lib/python3.8/site-packages/requests/models.py", line 816, in generate
    yield from self.raw.stream(chunk_size, decode_content=True)
  File "/home/airflow/.local/lib/python3.8/site-packages/urllib3/response.py", line 624, in stream
    for line in self.read_chunked(amt, decode_content=decode_content):
  File "/home/airflow/.local/lib/python3.8/site-packages/urllib3/response.py", line 857, in read_chunked
    self._original_response.close()
  File "/usr/local/lib/python3.8/contextlib.py", line 131, in __exit__
    self.gen.throw(type, value, traceback)
  File "/home/airflow/.local/lib/python3.8/site-packages/urllib3/response.py", line 461, in _error_catcher
    raise ProtocolError("Connection broken: %r" % e, e)
urllib3.exceptions.ProtocolError: ("Connection broken: InvalidChunkLength(got length b'', 0 bytes read)", InvalidChunkLength(got length b'', 0 bytes read))

During handling of the above exception, another exception occurred:

Traceback (most recent call last):
  File "/home/airflow/.local/lib/python3.8/site-packages/airflow/operators/python.py", line 192, in execute
    return_value = self.execute_callable()
  File "/home/airflow/.local/lib/python3.8/site-packages/airflow/operators/python.py", line 209, in execute_callable
    return self.python_callable(*self.op_args, **self.op_kwargs)
  File "/opt/airflow/dags/help_function/ETL_Data.py", line 25, in extract_data
    data = get_today_dataframe(checkin, checkout, weekday,booking_links)
  File "/opt/airflow/dags/help_function/crawl_func.py", line 177, in get_today_dataframe
    df = crawl_booking_data(link, checkin, checkout, adult, room, children, currency)
  File "/opt/airflow/dags/help_function/crawl_func.py", line 103, in crawl_booking_data
    response = requests.get(url, headers=headers)
  File "/home/airflow/.local/lib/python3.8/site-packages/requests/api.py", line 73, in get
    return request("get", url, params=params, **kwargs)
  File "/home/airflow/.local/lib/python3.8/site-packages/requests/api.py", line 59, in request
    return session.request(method=method, url=url, **kwargs)
  File "/home/airflow/.local/lib/python3.8/site-packages/requests/sessions.py", line 589, in request
    resp = self.send(prep, **send_kwargs)
  File "/home/airflow/.local/lib/python3.8/site-packages/requests/sessions.py", line 747, in send
    r.content
  File "/home/airflow/.local/lib/python3.8/site-packages/requests/models.py", line 899, in content
    self._content = b"".join(self.iter_content(CONTENT_CHUNK_SIZE)) or b""
  File "/home/airflow/.local/lib/python3.8/site-packages/requests/models.py", line 818, in generate
    raise ChunkedEncodingError(e)
requests.exceptions.ChunkedEncodingError: ("Connection broken: InvalidChunkLength(got length b'', 0 bytes read)", InvalidChunkLength(got length b'', 0 bytes read))
[2023-10-07T17:18:33.722+0000] {taskinstance.py:1400} INFO - Marking task as FAILED. dag_id=ETL, task_id=crawl_data, execution_date=20231007T160000, start_date=20231007T165415, end_date=20231007T171833
[2023-10-07T17:18:33.745+0000] {standard_task_runner.py:104} ERROR - Failed to execute job 251 for task crawl_data (("Connection broken: InvalidChunkLength(got length b'', 0 bytes read)", InvalidChunkLength(got length b'', 0 bytes read)); 750)
[2023-10-07T17:18:33.794+0000] {local_task_job_runner.py:228} INFO - Task exited with return code 1
[2023-10-07T17:18:33.830+0000] {taskinstance.py:2784} INFO - 0 downstream tasks scheduled from follow-on schedule check
